TN:
SF:src\application\database.js
FN:25,(anonymous_0)
FN:29,(anonymous_1)
FN:33,(anonymous_2)
FN:37,(anonymous_3)
FNF:4
FNH:2
FNDA:0,(anonymous_0)
FNDA:0,(anonymous_1)
FNDA:1,(anonymous_2)
FNDA:60,(anonymous_3)
DA:4,1
DA:25,1
DA:26,0
DA:29,1
DA:30,0
DA:33,1
DA:34,1
DA:37,1
DA:38,60
LF:9
LH:7
BRF:0
BRH:0
end_of_record
TN:
SF:src\application\logging.js
FNF:0
FNH:0
DA:3,1
LF:1
LH:1
BRF:0
BRH:0
end_of_record
TN:
SF:src\application\web.js
FNF:0
FNH:0
DA:6,1
DA:7,1
DA:9,1
DA:10,1
DA:12,1
LF:5
LH:5
BRF:0
BRH:0
end_of_record
TN:
SF:src\controllers\user-controller.js
FN:3,(anonymous_0)
FN:14,(anonymous_1)
FN:25,(anonymous_2)
FN:37,(anonymous_3)
FNF:4
FNH:1
FNDA:0,(anonymous_0)
FNDA:0,(anonymous_1)
FNDA:0,(anonymous_2)
FNDA:3,(anonymous_3)
DA:3,1
DA:4,0
DA:5,0
DA:6,0
DA:10,0
DA:14,1
DA:15,0
DA:16,0
DA:17,0
DA:21,0
DA:25,1
DA:26,0
DA:27,0
DA:28,0
DA:29,0
DA:33,0
DA:37,1
DA:38,3
DA:39,3
DA:40,3
DA:41,3
DA:43,3
DA:44,3
DA:48,0
LF:24
LH:10
BRF:0
BRH:0
end_of_record
TN:
SF:src\errors\response-error.js
FN:2,(anonymous_0)
FNF:1
FNH:0
FNDA:0,(anonymous_0)
DA:3,0
DA:4,0
LF:2
LH:0
BRF:0
BRH:0
end_of_record
TN:
SF:src\middlewares\auth-middleware.js
FN:3,(anonymous_0)
FNF:1
FNH:1
FNDA:4,(anonymous_0)
DA:3,1
DA:4,4
DA:5,4
DA:6,0
DA:13,4
DA:18,4
DA:19,1
DA:26,3
DA:27,3
LF:9
LH:8
BRDA:5,0,0,0
BRDA:5,0,1,4
BRDA:18,1,0,1
BRDA:18,1,1,3
BRF:4
BRH:3
end_of_record
TN:
SF:src\middlewares\error-middleware.js
FN:3,(anonymous_0)
FNF:1
FNH:0
FNDA:0,(anonymous_0)
DA:3,1
DA:4,0
DA:5,0
DA:6,0
DA:9,0
DA:10,0
DA:17,0
LF:7
LH:1
BRDA:4,0,0,0
BRDA:4,0,1,0
BRDA:9,1,0,0
BRDA:9,1,1,0
BRF:4
BRH:0
end_of_record
TN:
SF:src\routes\api.js
FNF:0
FNH:0
DA:5,1
DA:6,1
DA:9,1
DA:10,1
LF:4
LH:4
BRF:0
BRH:0
end_of_record
TN:
SF:src\routes\public-api.js
FNF:0
FNH:0
DA:4,1
DA:5,1
DA:6,1
LF:3
LH:3
BRF:0
BRH:0
end_of_record
TN:
SF:src\services\user-service.js
FN:13,(anonymous_0)
FN:37,(anonymous_1)
FN:77,(anonymous_2)
FN:97,(anonymous_3)
FNF:4
FNH:1
FNDA:0,(anonymous_0)
FNDA:0,(anonymous_1)
FNDA:0,(anonymous_2)
FNDA:3,(anonymous_3)
DA:13,1
DA:14,0
DA:16,0
DA:22,0
DA:23,0
DA:26,0
DA:28,0
DA:37,1
DA:38,0
DA:40,0
DA:50,0
DA:51,0
DA:54,0
DA:59,0
DA:60,0
DA:63,0
DA:64,0
DA:77,1
DA:78,0
DA:80,0
DA:90,0
DA:91,0
DA:94,0
DA:97,1
DA:98,3
DA:100,3
DA:106,3
DA:107,0
DA:110,3
DA:111,3
DA:112,2
DA:114,3
DA:115,2
DA:118,3
LF:34
LH:13
BRDA:22,0,0,0
BRDA:22,0,1,0
BRDA:50,1,0,0
BRDA:50,1,1,0
BRDA:59,2,0,0
BRDA:59,2,1,0
BRDA:90,3,0,0
BRDA:90,3,1,0
BRDA:106,4,0,0
BRDA:106,4,1,3
BRDA:111,5,0,2
BRDA:111,5,1,1
BRDA:114,6,0,2
BRDA:114,6,1,1
BRF:14
BRH:5
end_of_record
TN:
SF:src\validations\user-validation.js
FNF:0
FNH:0
DA:3,1
DA:9,1
DA:14,1
DA:16,1
LF:4
LH:4
BRF:0
BRH:0
end_of_record
TN:
SF:src\validations\validation.js
FN:3,(anonymous_0)
FNF:1
FNH:1
FNDA:3,(anonymous_0)
DA:3,1
DA:4,3
DA:8,3
DA:9,0
DA:11,3
LF:5
LH:4
BRDA:8,0,0,0
BRDA:8,0,1,3
BRF:2
BRH:1
end_of_record
